<?xml version="1.0" encoding="UTF-8"?>
<testsuite xmlns:xsi="http://www.w3.org/2001/XMLSchema-instance" xsi:noNamespaceSchemaLocation="https://maven.apache.org/surefire/maven-surefire-plugin/xsd/surefire-test-report.xsd" name="com.github.kyriosdata.exemplo.CalendarioTest" time="0.037" tests="13" errors="0" skipped="0" failures="0">
  <properties>
[...]
</properties>
  <testcase name="diaMaiorQue31Invalido" classname="com.github.kyriosdata.exemplo.CalendarioTest" time="0.003"/>
  <testcase name="anoMenorQue1753Invalido" classname="com.github.kyriosdata.exemplo.CalendarioTest" time="0.001"/>
  <testcase name="umAnoBissexto" classname="com.github.kyriosdata.exemplo.CalendarioTest" time="0"/>
  <testcase name="mesMenorQueUmInvalido" classname="com.github.kyriosdata.exemplo.CalendarioTest" time="0"/>
  <testcase name="anoIgualAoLimiteInferior" classname="com.github.kyriosdata.exemplo.CalendarioTest" time="0"/>
  <testcase name="dataInvalidaAnoNaoBissextoNaoVerificaData" classname="com.github.kyriosdata.exemplo.CalendarioTest" time="0"/>
  <testcase name="coberturaCemPorCento" classname="com.github.kyriosdata.exemplo.CalendarioTest" time="0"/>
  <testcase name="umDiaDistanteParaOsHumanos" classname="com.github.kyriosdata.exemplo.CalendarioTest" time="0.001"/>
  <testcase name="diaDaSemanaDeHoje" classname="com.github.kyriosdata.exemplo.CalendarioTest" time="0.012"/>
  <testcase name="umDiaArbitrarioObtidoDeCalendario" classname="com.github.kyriosdata.exemplo.CalendarioTest" time="0"/>
  <testcase name="diaMenorQueUmInvalido" classname="com.github.kyriosdata.exemplo.CalendarioTest" time="0.001"/>
  <testcase name="nomesDiasDaSemana" classname="com.github.kyriosdata.exemplo.CalendarioTest" time="0.001"/>
  <testcase name="mesMaiorQue12Invalido" classname="com.github.kyriosdata.exemplo.CalendarioTest" time="0.001"/>
</testsuite>